[2021-07-22 08:42:42] START
[2021-07-22 08:42:42] EDIT welcome/controllers/default.py: 1
[2022-05-06 15:59:27] EDIT modelo/models/menu.py: 0
[2022-05-06 15:59:44] EDIT modelo/controllers/default.py: -2
[2022-05-06 16:00:07] EDIT modelo/views/default/index.html: -38
[2022-05-06 16:01:14] EDIT modelo/views/layout.html: 0
[2022-05-06 16:01:39] EDIT modelo/views/layout.html: 1
[2022-05-06 16:02:18] EDIT modelo/views/layout.html: 0
[2022-05-06 16:03:03] EDIT modelo/views/layout.html: 0
[2022-05-06 16:03:26] EDIT modelo/views/layout.html: 0
[2022-05-06 16:03:37] EDIT modelo/views/layout.html: 0
[2022-05-06 16:03:50] EDIT modelo/views/layout.html: 0
[2022-05-06 16:04:04] EDIT modelo/views/layout.html: 0
[2022-05-06 16:04:18] EDIT modelo/views/layout.html: 0
[2022-05-06 16:05:17] EDIT modelo/views/default/user.html: 0
[2022-05-06 16:58:29] EDIT modelo/models/db.py: 19
[2022-05-06 16:58:52] EDIT modelo/models/db.py: -3
[2022-05-06 17:02:37] EDIT modelo/models/menu.py: 10
[2022-05-06 17:03:13] EDIT modelo/models/menu.py: -3
[2022-05-06 17:18:21] EDIT modelo/models/menu.py: 0
[2022-05-06 17:22:57] CREATE acs_empresa.py: 0
[2022-05-06 17:30:19] EDIT modelo/controllers/acs_empresa.py: 39
[2022-05-06 17:33:17] EDIT modelo/controllers/default.py: 1
[2022-05-06 17:33:24] EDIT modelo/controllers/default.py: 0
[2022-05-06 17:33:30] EDIT modelo/controllers/default.py: 0
[2022-05-06 17:33:43] EDIT modelo/views/default/index.html: 1
[2022-05-06 18:44:57] EDIT modelo/views/default/index.html: 0
[2022-05-06 18:45:19] EDIT modelo/controllers/default.py: 0
[2022-05-06 18:49:03] EDIT modelo/controllers/default.py: 3
[2022-05-06 18:49:23] EDIT modelo/controllers/default.py: 1
[2022-05-06 18:50:06] EDIT modelo/controllers/default.py: 0
[2022-05-06 18:51:26] EDIT modelo/views/default/index.html: 0
[2022-05-06 18:53:50] EDIT modelo/controllers/default.py: 0
[2022-05-06 18:55:01] CREATE acs_empresa/index.html: 0
[2022-05-06 18:59:33] EDIT modelo/views/layout.html: 0
[2022-05-06 19:00:06] EDIT modelo/views/layout.html: 0
[2022-05-06 19:00:24] EDIT modelo/views/layout.html: 1
[2022-05-06 19:01:21] EDIT modelo/views/layout.html: 0
[2022-05-06 19:01:50] EDIT modelo/views/layout.html: 0
[2022-05-06 19:01:55] EDIT modelo/views/layout.html: 0
[2022-05-06 19:02:26] EDIT modelo/views/layout.html: 0
[2022-05-06 19:02:35] EDIT modelo/views/layout.html: 0
[2022-05-06 19:02:52] EDIT modelo/views/layout.html: 0
[2022-05-06 19:03:31] EDIT modelo/views/default/index.html: 0
[2022-05-06 19:03:43] EDIT modelo/views/default/index.html: 0
[2022-05-06 19:03:56] EDIT modelo/views/default/index.html: 0
[2022-05-06 19:04:06] EDIT modelo/views/default/index.html: 0
[2022-05-06 19:04:18] EDIT modelo/views/default/index.html: 0
[2022-05-06 19:04:28] EDIT modelo/views/default/index.html: 0
[2022-05-06 19:04:36] EDIT modelo/views/default/index.html: 0
[2022-05-06 19:05:48] EDIT modelo/views/default/index.html: 0
[2022-05-06 19:07:11] EDIT modelo/views/default/index.html: 0
[2022-05-06 19:07:28] EDIT modelo/views/default/index.html: 1
[2022-05-06 19:07:37] EDIT modelo/views/default/index.html: -1
[2022-05-06 19:07:50] EDIT modelo/views/default/index.html: 0
[2022-05-06 19:11:48] EDIT modelo/views/acs_empresa/index.html: 0
[2022-05-06 19:11:54] EDIT modelo/views/acs_empresa/index.html: 0
[2022-05-06 19:15:05] EDIT modelo/views/layout.html: 0
[2022-05-06 19:33:54] EDIT modelo/views/acs_empresa/index.html: 1
[2022-05-06 19:34:18] EDIT modelo/views/acs_empresa/index.html: 0
[2022-05-06 19:38:56] EDIT modelo/views/layout.html: 5
[2022-05-06 19:39:13] EDIT modelo/views/layout.html: 1
[2022-05-06 19:39:22] EDIT modelo/views/layout.html: 0
[2022-05-06 19:39:34] EDIT modelo/views/layout.html: -6
